2017-07-14 12:05:29,788 DEBUG hjkj-PC 127.0.0.1 com.hfyz.support.SystemCodeController getmenu 获取菜单 "Pc Browser" web [controller:systemCode, format:null, action:getmenu]
2017-07-14 12:05:29,794 INFO  hjkj-PC 127.0.0.1 com.hfyz.support.SystemCodeController getmenu 工单参看操作 管理员 "Pc Browser" web 参看操作 [controller:systemCode, format:null, action:getmenu] 
2017-07-14 12:05:29,797 ERROR hjkj-PC 127.0.0.1 com.hfyz.support.SystemCodeController getmenu 工单参看操作 管理员 "Pc Browser" web "错误消息" [controller:systemCode, format:null, action:getmenu] 
2017-07-14 12:45:57,805 ERROR Compilation Error: startup failed:
D:\ev\hefeiyunzheng\hfyz-backstage-service\grails-app\controllers\com\hfyz\CarController.groovy: 4: unable to resolve class com.commons.utils.PageUtils
 @ line 4, column 1.
   import com.commons.utils.PageUtils
   ^

1 error

org.codehaus.groovy.control.MultipleCompilationErrorsException: startup failed:
D:\ev\hefeiyunzheng\hfyz-backstage-service\grails-app\controllers\com\hfyz\CarController.groovy: 4: unable to resolve class com.commons.utils.PageUtils
 @ line 4, column 1.
   import com.commons.utils.PageUtils
   ^

1 error

	at org.codehaus.groovy.control.ErrorCollector.failIfErrors(ErrorCollector.java:310)
	at org.codehaus.groovy.control.CompilationUnit.applyToSourceUnits(CompilationUnit.java:958)
	at org.codehaus.groovy.control.CompilationUnit.doPhaseOperation(CompilationUnit.java:605)
	at org.codehaus.groovy.control.CompilationUnit.compile(CompilationUnit.java:554)
	at org.codehaus.groovy.control.CompilationUnit.compile(CompilationUnit.java:537)
	at grails.boot.GrailsApp.compileGroovyFile(GrailsApp.groovy:314)
	at grails.boot.GrailsApp.recompile(GrailsApp.groovy:300)
	at sun.reflect.NativeMethodAccessorImpl.invoke0(Native Method)
	at sun.reflect.NativeMethodAccessorImpl.invoke(NativeMethodAccessorImpl.java:62)
	at sun.reflect.DelegatingMethodAccessorImpl.invoke(DelegatingMethodAccessorImpl.java:43)
	at java.lang.reflect.Method.invoke(Method.java:498)
	at org.springsource.loaded.ri.ReflectiveInterceptor.jlrMethodInvoke(ReflectiveInterceptor.java:1426)
	at org.codehaus.groovy.reflection.CachedMethod.invoke(CachedMethod.java:93)
	at groovy.lang.MetaMethod.doMethodInvoke(MetaMethod.java:325)
	at org.codehaus.groovy.runtime.metaclass.ClosureMetaClass.invokeMethod(ClosureMetaClass.java:384)
	at groovy.lang.MetaClassImpl.invokeMethod(MetaClassImpl.java:1027)
	at org.codehaus.groovy.runtime.callsite.PogoMetaClassSite.callCurrent(PogoMetaClassSite.java:69)
	at org.codehaus.groovy.runtime.callsite.CallSiteArray.defaultCallCurrent(CallSiteArray.java:52)
	at org.codehaus.groovy.runtime.callsite.AbstractCallSite.callCurrent(AbstractCallSite.java:154)
	at org.codehaus.groovy.runtime.callsite.AbstractCallSite.callCurrent(AbstractCallSite.java:182)
	at grails.boot.GrailsApp$_enableDevelopmentModeWatch_closure1.doCall(GrailsApp.groovy:223)
	at grails.boot.GrailsApp$_enableDevelopmentModeWatch_closure1.doCall(GrailsApp.groovy)
	at sun.reflect.NativeMethodAccessorImpl.invoke0(Native Method)
	at sun.reflect.NativeMethodAccessorImpl.invoke(NativeMethodAccessorImpl.java:62)
	at sun.reflect.DelegatingMethodAccessorImpl.invoke(DelegatingMethodAccessorImpl.java:43)
	at java.lang.reflect.Method.invoke(Method.java:498)
	at org.springsource.loaded.ri.ReflectiveInterceptor.jlrMethodInvoke(ReflectiveInterceptor.java:1426)
	at org.codehaus.groovy.reflection.CachedMethod.invoke(CachedMethod.java:93)
	at groovy.lang.MetaMethod.doMethodInvoke(MetaMethod.java:325)
	at org.codehaus.groovy.runtime.metaclass.ClosureMetaClass.invokeMethod(ClosureMetaClass.java:294)
	at groovy.lang.MetaClassImpl.invokeMethod(MetaClassImpl.java:1027)
	at groovy.lang.Closure.call(Closure.java:414)
	at groovy.lang.Closure.call(Closure.java:408)
	at groovy.lang.Closure.run(Closure.java:495)
	at java.lang.Thread.run(Thread.java:748)
2017-07-14 13:00:51,122 ERROR Compilation Error: startup failed:
D:\ev\hefeiyunzheng\hfyz-backstage-service\grails-app\services\com\hfyz\support\InitService.groovy: 28: unexpected token: << @ line 28, column 1.
   <<<<<<< HEAD
   ^

1 error

org.codehaus.groovy.control.MultipleCompilationErrorsException: startup failed:
D:\ev\hefeiyunzheng\hfyz-backstage-service\grails-app\services\com\hfyz\support\InitService.groovy: 28: unexpected token: << @ line 28, column 1.
   <<<<<<< HEAD
   ^

1 error

	at org.codehaus.groovy.control.ErrorCollector.failIfErrors(ErrorCollector.java:310)
	at org.codehaus.groovy.control.ErrorCollector.addFatalError(ErrorCollector.java:150)
	at org.codehaus.groovy.control.ErrorCollector.addError(ErrorCollector.java:120)
	at org.codehaus.groovy.control.ErrorCollector.addError(ErrorCollector.java:132)
	at org.codehaus.groovy.control.SourceUnit.addError(SourceUnit.java:350)
	at org.codehaus.groovy.antlr.AntlrParserPlugin.transformCSTIntoAST(AntlrParserPlugin.java:144)
	at org.codehaus.groovy.antlr.AntlrParserPlugin.parseCST(AntlrParserPlugin.java:110)
	at org.codehaus.groovy.control.SourceUnit.parse(SourceUnit.java:234)
	at org.codehaus.groovy.control.CompilationUnit$1.call(CompilationUnit.java:168)
	at org.codehaus.groovy.control.CompilationUnit.applyToSourceUnits(CompilationUnit.java:943)
	at org.codehaus.groovy.control.CompilationUnit.doPhaseOperation(CompilationUnit.java:605)
	at org.codehaus.groovy.control.CompilationUnit.processPhaseOperations(CompilationUnit.java:581)
	at org.codehaus.groovy.control.CompilationUnit.compile(CompilationUnit.java:558)
	at org.codehaus.groovy.control.CompilationUnit.compile(CompilationUnit.java:537)
	at grails.boot.GrailsApp.compileGroovyFile(GrailsApp.groovy:314)
	at grails.boot.GrailsApp.recompile(GrailsApp.groovy:300)
	at sun.reflect.NativeMethodAccessorImpl.invoke0(Native Method)
	at sun.reflect.NativeMethodAccessorImpl.invoke(NativeMethodAccessorImpl.java:62)
	at sun.reflect.DelegatingMethodAccessorImpl.invoke(DelegatingMethodAccessorImpl.java:43)
	at java.lang.reflect.Method.invoke(Method.java:498)
	at org.springsource.loaded.ri.ReflectiveInterceptor.jlrMethodInvoke(ReflectiveInterceptor.java:1426)
	at org.codehaus.groovy.reflection.CachedMethod.invoke(CachedMethod.java:93)
	at groovy.lang.MetaMethod.doMethodInvoke(MetaMethod.java:325)
	at org.codehaus.groovy.runtime.metaclass.ClosureMetaClass.invokeMethod(ClosureMetaClass.java:384)
	at groovy.lang.MetaClassImpl.invokeMethod(MetaClassImpl.java:1027)
	at org.codehaus.groovy.runtime.callsite.PogoMetaClassSite.callCurrent(PogoMetaClassSite.java:69)
	at org.codehaus.groovy.runtime.callsite.CallSiteArray.defaultCallCurrent(CallSiteArray.java:52)
	at org.codehaus.groovy.runtime.callsite.AbstractCallSite.callCurrent(AbstractCallSite.java:154)
	at org.codehaus.groovy.runtime.callsite.AbstractCallSite.callCurrent(AbstractCallSite.java:182)
	at grails.boot.GrailsApp$_enableDevelopmentModeWatch_closure1.doCall(GrailsApp.groovy:241)
	at grails.boot.GrailsApp$_enableDevelopmentModeWatch_closure1.doCall(GrailsApp.groovy)
	at sun.reflect.NativeMethodAccessorImpl.invoke0(Native Method)
	at sun.reflect.NativeMethodAccessorImpl.invoke(NativeMethodAccessorImpl.java:62)
	at sun.reflect.DelegatingMethodAccessorImpl.invoke(DelegatingMethodAccessorImpl.java:43)
	at java.lang.reflect.Method.invoke(Method.java:498)
	at org.springsource.loaded.ri.ReflectiveInterceptor.jlrMethodInvoke(ReflectiveInterceptor.java:1426)
	at org.codehaus.groovy.reflection.CachedMethod.invoke(CachedMethod.java:93)
	at groovy.lang.MetaMethod.doMethodInvoke(MetaMethod.java:325)
	at org.codehaus.groovy.runtime.metaclass.ClosureMetaClass.invokeMethod(ClosureMetaClass.java:294)
	at groovy.lang.MetaClassImpl.invokeMethod(MetaClassImpl.java:1027)
	at groovy.lang.Closure.call(Closure.java:414)
	at groovy.lang.Closure.call(Closure.java:408)
	at groovy.lang.Closure.run(Closure.java:495)
	at java.lang.Thread.run(Thread.java:748)
2017-07-14 13:03:48,373 ERROR Compilation Error: startup failed:
D:\ev\hefeiyunzheng\hfyz-backstage-service\grails-app\services\com\hfyz\support\InitService.groovy: 4: unable to resolve class com.hfyz.car.CarBasicInfo
 @ line 4, column 1.
   import com.hfyz.car.CarBasicInfo
   ^

D:\ev\hefeiyunzheng\hfyz-backstage-service\grails-app\services\com\hfyz\support\InitService.groovy: 5: unable to resolve class com.hfyz.car.CarBasicOperate
 @ line 5, column 1.
   import com.hfyz.car.CarBasicOperate
   ^

2 errors

org.codehaus.groovy.control.MultipleCompilationErrorsException: startup failed:
D:\ev\hefeiyunzheng\hfyz-backstage-service\grails-app\services\com\hfyz\support\InitService.groovy: 4: unable to resolve class com.hfyz.car.CarBasicInfo
 @ line 4, column 1.
   import com.hfyz.car.CarBasicInfo
   ^

D:\ev\hefeiyunzheng\hfyz-backstage-service\grails-app\services\com\hfyz\support\InitService.groovy: 5: unable to resolve class com.hfyz.car.CarBasicOperate
 @ line 5, column 1.
   import com.hfyz.car.CarBasicOperate
   ^

2 errors

	at org.codehaus.groovy.control.ErrorCollector.failIfErrors(ErrorCollector.java:310)
	at org.codehaus.groovy.control.CompilationUnit.applyToSourceUnits(CompilationUnit.java:958)
	at org.codehaus.groovy.control.CompilationUnit.doPhaseOperation(CompilationUnit.java:605)
	at org.codehaus.groovy.control.CompilationUnit.compile(CompilationUnit.java:554)
	at org.codehaus.groovy.control.CompilationUnit.compile(CompilationUnit.java:537)
	at grails.boot.GrailsApp.compileGroovyFile(GrailsApp.groovy:314)
	at grails.boot.GrailsApp.recompile(GrailsApp.groovy:300)
	at sun.reflect.NativeMethodAccessorImpl.invoke0(Native Method)
	at sun.reflect.NativeMethodAccessorImpl.invoke(NativeMethodAccessorImpl.java:62)
	at sun.reflect.DelegatingMethodAccessorImpl.invoke(DelegatingMethodAccessorImpl.java:43)
	at java.lang.reflect.Method.invoke(Method.java:498)
	at org.springsource.loaded.ri.ReflectiveInterceptor.jlrMethodInvoke(ReflectiveInterceptor.java:1426)
	at org.codehaus.groovy.reflection.CachedMethod.invoke(CachedMethod.java:93)
	at groovy.lang.MetaMethod.doMethodInvoke(MetaMethod.java:325)
	at org.codehaus.groovy.runtime.metaclass.ClosureMetaClass.invokeMethod(ClosureMetaClass.java:384)
	at groovy.lang.MetaClassImpl.invokeMethod(MetaClassImpl.java:1027)
	at org.codehaus.groovy.runtime.callsite.PogoMetaClassSite.callCurrent(PogoMetaClassSite.java:69)
	at org.codehaus.groovy.runtime.callsite.AbstractCallSite.callCurrent(AbstractCallSite.java:182)
	at grails.boot.GrailsApp$_enableDevelopmentModeWatch_closure1.doCall(GrailsApp.groovy:241)
	at grails.boot.GrailsApp$_enableDevelopmentModeWatch_closure1.doCall(GrailsApp.groovy)
	at sun.reflect.NativeMethodAccessorImpl.invoke0(Native Method)
	at sun.reflect.NativeMethodAccessorImpl.invoke(NativeMethodAccessorImpl.java:62)
	at sun.reflect.DelegatingMethodAccessorImpl.invoke(DelegatingMethodAccessorImpl.java:43)
	at java.lang.reflect.Method.invoke(Method.java:498)
	at org.springsource.loaded.ri.ReflectiveInterceptor.jlrMethodInvoke(ReflectiveInterceptor.java:1426)
	at org.codehaus.groovy.reflection.CachedMethod.invoke(CachedMethod.java:93)
	at groovy.lang.MetaMethod.doMethodInvoke(MetaMethod.java:325)
	at org.codehaus.groovy.runtime.metaclass.ClosureMetaClass.invokeMethod(ClosureMetaClass.java:294)
	at groovy.lang.MetaClassImpl.invokeMethod(MetaClassImpl.java:1027)
	at groovy.lang.Closure.call(Closure.java:414)
	at groovy.lang.Closure.call(Closure.java:408)
	at groovy.lang.Closure.run(Closure.java:495)
	at java.lang.Thread.run(Thread.java:748)
